<?xml version="1.0" encoding="UTF-8"?>
<!-- Generated by org.testng.reporters.JUnitReportReporter -->
<testsuite hostname="LAPTOP-DRCHTFOG" failures="0" tests="1" name="selenium.ScreenShot" time="9.657" errors="0" timestamp="2023-01-29T21:32:50 IST" skipped="0">
  <testcase classname="selenium.ScreenShot" name="screen" time="9.657"/>
  <system-out/>
</testsuite> <!-- selenium.ScreenShot -->
