<?xml version="1.0" encoding="UTF-8"?>
<!-- Generated by org.testng.reporters.JUnitReportReporter -->
<testsuite hostname="LAPTOP-DRCHTFOG" failures="0" tests="1" name="selenium.Login" time="11.258" errors="0" timestamp="2023-01-31T11:14:41 IST" skipped="0">
  <testcase classname="selenium.Login" name="login_page" time="11.258"/>
  <system-out/>
</testsuite> <!-- selenium.Login -->
